-encoding
UTF-8
-outxml
-source
6
-target
6
-classpath
C:\Users\Silkslostsoul\.m2\repository\antlr\antlr\2.7.6\antlr-2.7.6.jar;C:\Users\Silkslostsoul\.m2\repository\aopalliance\aopalliance\1.0\aopalliance-1.0.jar;C:\Users\Silkslostsoul\.m2\repository\cglib\cglib-nodep\2.2.2\cglib-nodep-2.2.2.jar;C:\Users\Silkslostsoul\.m2\repository\commons-beanutils\commons-beanutils\1.8.3\commons-beanutils-1.8.3.jar;C:\Users\Silkslostsoul\.m2\repository\commons-codec\commons-codec\1.5\commons-codec-1.5.jar;C:\Users\Silkslostsoul\.m2\repository\commons-collections\commons-collections\3.1\commons-collections-3.1.jar;C:\Users\Silkslostsoul\.m2\repository\commons-dbcp\commons-dbcp\1.3\commons-dbcp-1.3.jar;C:\Users\Silkslostsoul\.m2\repository\commons-digester\commons-digester\2.1\commons-digester-2.1.jar;C:\Users\Silkslostsoul\.m2\repository\commons-fileupload\commons-fileupload\1.2.2\commons-fileupload-1.2.2.jar;C:\Users\Silkslostsoul\.m2\repository\commons-io\commons-io\2.1\commons-io-2.1.jar;C:\Users\Silkslostsoul\.m2\repository\commons-pool\commons-pool\1.5.6\commons-pool-1.5.6.jar;C:\Users\Silkslostsoul\.m2\repository\dom4j\dom4j\1.6.1\dom4j-1.6.1.jar;C:\Users\Silkslostsoul\.m2\repository\javassist\javassist\3.12.0.GA\javassist-3.12.0.GA.jar;C:\Users\Silkslostsoul\.m2\repository\javax\el\el-api\1.0\el-api-1.0.jar;C:\Users\Silkslostsoul\.m2\repository\javax\inject\javax.inject\1\javax.inject-1.jar;C:\Users\Silkslostsoul\.m2\repository\javax\servlet\servlet-api\2.5\servlet-api-2.5.jar;C:\Users\Silkslostsoul\.m2\repository\javax\servlet\jsp\jsp-api\2.1\jsp-api-2.1.jar;C:\Users\Silkslostsoul\.m2\repository\javax\servlet\jsp\jstl\jstl-api\1.2\jstl-api-1.2.jar;C:\Users\Silkslostsoul\.m2\repository\javax\transaction\jta\1.1\jta-1.1.jar;C:\Users\Silkslostsoul\.m2\repository\javax\validation\validation-api\1.0.0.GA\validation-api-1.0.0.GA.jar;C:\Users\Silkslostsoul\.m2\repository\joda-time\joda-time\1.6\joda-time-1.6.jar;C:\Users\Silkslostsoul\.m2\repository\junit\junit\4.10\junit-4.10.jar;C:\Users\Silkslostsoul\.m2\repository\log4j\log4j\1.2.16\log4j-1.2.16.jar;C:\Users\Silkslostsoul\.m2\repository\net\sf\flexjson\flexjson\2.1\flexjson-2.1.jar;C:\Users\Silkslostsoul\.m2\repository\org\apache\commons\commons-lang3\3.1\commons-lang3-3.1.jar;C:\Users\Silkslostsoul\.m2\repository\org\apache\tiles\tiles-api\2.2.2\tiles-api-2.2.2.jar;C:\Users\Silkslostsoul\.m2\repository\org\apache\tiles\tiles-core\2.2.2\tiles-core-2.2.2.jar;C:\Users\Silkslostsoul\.m2\repository\org\apache\tiles\tiles-jsp\2.2.2\tiles-jsp-2.2.2.jar;C:\Users\Silkslostsoul\.m2\repository\org\apache\tiles\tiles-servlet\2.2.2\tiles-servlet-2.2.2.jar;C:\Users\Silkslostsoul\.m2\repository\org\apache\tiles\tiles-template\2.2.2\tiles-template-2.2.2.jar;C:\Users\Silkslostsoul\.m2\repository\org\aspectj\aspectjrt\1.6.12\aspectjrt-1.6.12.jar;C:\Users\Silkslostsoul\.m2\repository\org\aspectj\aspectjweaver\1.6.12\aspectjweaver-1.6.12.jar;C:\Users\Silkslostsoul\.m2\repository\org\codehaus\jackson\jackson-core-asl\1.9.3\jackson-core-asl-1.9.3.jar;C:\Users\Silkslostsoul\.m2\repository\org\codehaus\jackson\jackson-mapper-asl\1.9.3\jackson-mapper-asl-1.9.3.jar;C:\Users\Silkslostsoul\.m2\repository\org\glassfish\web\jstl-impl\1.2\jstl-impl-1.2.jar;C:\Users\Silkslostsoul\.m2\repository\org\hibernate\hibernate-commons-annotations\3.2.0.Final\hibernate-commons-annotations-3.2.0.Final.jar;C:\Users\Silkslostsoul\.m2\repository\org\hibernate\hibernate-core\3.6.9.Final\hibernate-core-3.6.9.Final.jar;C:\Users\Silkslostsoul\.m2\repository\org\hibernate\hibernate-entitymanager\3.6.9.Final\hibernate-entitymanager-3.6.9.Final.jar;C:\Users\Silkslostsoul\.m2\repository\org\hibernate\hibernate-validator\4.2.0.Final\hibernate-validator-4.2.0.Final.jar;C:\Users\Silkslostsoul\.m2\repository\org\hibernate\javax\persistence\hibernate-jpa-2.0-api\1.0.1.Final\hibernate-jpa-2.0-api-1.0.1.Final.jar;C:\Users\Silkslostsoul\.m2\repository\org\hsqldb\hsqldb\1.8.0.10\hsqldb-1.8.0.10.jar;C:\Users\Silkslostsoul\.m2\repository\org\slf4j\jcl-over-slf4j\1.6.4\jcl-over-slf4j-1.6.4.jar;C:\Users\Silkslostsoul\.m2\repository\org\slf4j\slf4j-api\1.6.4\slf4j-api-1.6.4.jar;C:\Users\Silkslostsoul\.m2\repository\org\slf4j\slf4j-log4j12\1.6.4\slf4j-log4j12-1.6.4.jar;C:\Users\Silkslostsoul\.m2\repository\org\springframework\spring-aop\3.1.0.RELEASE\spring-aop-3.1.0.RELEASE.jar;C:\Users\Silkslostsoul\.m2\repository\org\springframework\spring-asm\3.1.0.RELEASE\spring-asm-3.1.0.RELEASE.jar;C:\Users\Silkslostsoul\.m2\repository\org\springframework\spring-aspects\3.1.0.RELEASE\spring-aspects-3.1.0.RELEASE.jar;C:\Users\Silkslostsoul\.m2\repository\org\springframework\spring-beans\3.1.0.RELEASE\spring-beans-3.1.0.RELEASE.jar;C:\Users\Silkslostsoul\.m2\repository\org\springframework\spring-context\3.1.0.RELEASE\spring-context-3.1.0.RELEASE.jar;C:\Users\Silkslostsoul\.m2\repository\org\springframework\spring-context-support\3.1.0.RELEASE\spring-context-support-3.1.0.RELEASE.jar;C:\Users\Silkslostsoul\.m2\repository\org\springframework\spring-core\3.1.0.RELEASE\spring-core-3.1.0.RELEASE.jar;C:\Users\Silkslostsoul\.m2\repository\org\springframework\spring-expression\3.1.0.RELEASE\spring-expression-3.1.0.RELEASE.jar;C:\Users\Silkslostsoul\.m2\repository\org\springframework\spring-jdbc\3.1.0.RELEASE\spring-jdbc-3.1.0.RELEASE.jar;C:\Users\Silkslostsoul\.m2\repository\org\springframework\spring-orm\3.1.0.RELEASE\spring-orm-3.1.0.RELEASE.jar;C:\Users\Silkslostsoul\.m2\repository\org\springframework\spring-test\3.1.0.RELEASE\spring-test-3.1.0.RELEASE.jar;C:\Users\Silkslostsoul\.m2\repository\org\springframework\spring-tx\3.1.0.RELEASE\spring-tx-3.1.0.RELEASE.jar;C:\Users\Silkslostsoul\.m2\repository\org\springframework\spring-web\3.1.0.RELEASE\spring-web-3.1.0.RELEASE.jar;C:\Users\Silkslostsoul\.m2\repository\org\springframework\spring-webmvc\3.1.0.RELEASE\spring-webmvc-3.1.0.RELEASE.jar;C:\Users\Silkslostsoul\.m2\repository\org\springframework\roo\org.springframework.roo.annotations\1.2.1.RELEASE\org.springframework.roo.annotations-1.2.1.RELEASE.jar;C:\Users\Silkslostsoul\.m2\repository\org\springframework\security\spring-security-acl\3.1.0.RELEASE\spring-security-acl-3.1.0.RELEASE.jar;C:\Users\Silkslostsoul\.m2\repository\org\springframework\security\spring-security-config\3.1.0.RELEASE\spring-security-config-3.1.0.RELEASE.jar;C:\Users\Silkslostsoul\.m2\repository\org\springframework\security\spring-security-core\3.1.0.RELEASE\spring-security-core-3.1.0.RELEASE.jar;C:\Users\Silkslostsoul\.m2\repository\org\springframework\security\spring-security-crypto\3.1.0.RELEASE\spring-security-crypto-3.1.0.RELEASE.jar;C:\Users\Silkslostsoul\.m2\repository\org\springframework\security\spring-security-taglibs\3.1.0.RELEASE\spring-security-taglibs-3.1.0.RELEASE.jar;C:\Users\Silkslostsoul\.m2\repository\org\springframework\security\spring-security-web\3.1.0.RELEASE\spring-security-web-3.1.0.RELEASE.jar;C:\Users\Silkslostsoul\.m2\repository\org\springframework\social\spring-social-core\1.0.1.RELEASE\spring-social-core-1.0.1.RELEASE.jar;C:\Users\Silkslostsoul\.m2\repository\org\springframework\social\spring-social-facebook\1.1.0.BUILD-SNAPSHOT\spring-social-facebook-1.1.0.BUILD-SNAPSHOT.jar;C:\Users\Silkslostsoul\.m2\repository\org\springframework\social\spring-social-twitter\1.1.0.BUILD-SNAPSHOT\spring-social-twitter-1.1.0.BUILD-SNAPSHOT.jar;C:\Users\Silkslostsoul\.m2\repository\org\springframework\social\spring-social-web\1.0.1.RELEASE\spring-social-web-1.0.1.RELEASE.jar;C:\Users\Silkslostsoul\.m2\repository\org\springframework\webflow\spring-js-resources\2.2.1.RELEASE\spring-js-resources-2.2.1.RELEASE.jar;C:\Program Files (x86)\Springsource\Workspace\test\eventalizer2\target\classes
-aspectpath
C:\Users\Silkslostsoul\.m2\repository\org\springframework\spring-aspects\3.1.0.RELEASE\spring-aspects-3.1.0.RELEASE.jar
-d
C:\Program Files (x86)\Springsource\Workspace\test\eventalizer2\target\classes
C:\Program Files (x86)\Springsource\Workspace\test\eventalizer2\src\main\java\de\eventalizer\social\MainConfig.java
C:\Program Files (x86)\Springsource\Workspace\test\eventalizer2\src\main\java\de\eventalizer\domain\Organisation_Roo_JavaBean.aj
C:\Program Files (x86)\Springsource\Workspace\test\eventalizer2\src\main\java\de\eventalizer\domain\Ort_Roo_Configurable.aj
C:\Program Files (x86)\Springsource\Workspace\test\eventalizer2\src\main\java\de\eventalizer\domain\Event_Roo_ToString.aj
C:\Program Files (x86)\Springsource\Workspace\test\eventalizer2\src\main\java\de\eventalizer\domain\Event.java
C:\Program Files (x86)\Springsource\Workspace\test\eventalizer2\src\main\java\de\eventalizer\web\TeilnahmeController.java
C:\Program Files (x86)\Springsource\Workspace\test\eventalizer2\src\main\java\de\eventalizer\domain\Bewertung_Roo_Configurable.aj
C:\Program Files (x86)\Springsource\Workspace\test\eventalizer2\src\main\java\de\eventalizer\web\BenutzerController_Roo_Controller.aj
C:\Program Files (x86)\Springsource\Workspace\test\eventalizer2\src\main\java\de\eventalizer\domain\Benutzer_Roo_Jpa_ActiveRecord.aj
C:\Program Files (x86)\Springsource\Workspace\test\eventalizer2\src\main\java\de\eventalizer\domain\Benutzer_Roo_Configurable.aj
C:\Program Files (x86)\Springsource\Workspace\test\eventalizer2\src\main\java\de\eventalier\web\EventController.java
C:\Program Files (x86)\Springsource\Workspace\test\eventalizer2\src\main\java\de\eventalizer\web\OrganisationController_Roo_Controller.aj
C:\Program Files (x86)\Springsource\Workspace\test\eventalizer2\src\main\java\de\eventalizer\domain\Bewertung.java
C:\Program Files (x86)\Springsource\Workspace\test\eventalizer2\src\main\java\de\eventalizer\social\user\SecurityContext.java
C:\Program Files (x86)\Springsource\Workspace\test\eventalizer2\src\main\java\de\eventalizer\web\OrtController.java
C:\Program Files (x86)\Springsource\Workspace\test\eventalizer2\src\main\java\de\eventalizer\web\TeilnahmeController_Roo_Controller.aj
C:\Program Files (x86)\Springsource\Workspace\test\eventalizer2\src\main\java\de\eventalizer\domain\Organisation.java
C:\Program Files (x86)\Springsource\Workspace\test\eventalizer2\src\main\java\de\eventalier\web\EventController_Roo_Controller.aj
C:\Program Files (x86)\Springsource\Workspace\test\eventalizer2\src\main\java\de\eventalizer\domain\Teilnahme_Roo_ToString.aj
C:\Program Files (x86)\Springsource\Workspace\test\eventalizer2\src\main\java\de\eventalizer\web\OrtController_Roo_Controller.aj
C:\Program Files (x86)\Springsource\Workspace\test\eventalizer2\src\main\java\de\eventalizer\domain\Organisation_Roo_Configurable.aj
C:\Program Files (x86)\Springsource\Workspace\test\eventalizer2\src\main\java\de\eventalizer\domain\Event_Roo_Jpa_Entity.aj
C:\Program Files (x86)\Springsource\Workspace\test\eventalizer2\src\main\java\de\eventalizer\domain\Event_Roo_JavaBean.aj
C:\Program Files (x86)\Springsource\Workspace\test\eventalizer2\src\main\java\de\eventalizer\social\user\UserCookieGenerator.java
C:\Program Files (x86)\Springsource\Workspace\test\eventalizer2\src\main\java\de\eventalizer\web\BewertungController_Roo_Controller.aj
C:\Program Files (x86)\Springsource\Workspace\test\eventalizer2\src\main\java\de\eventalizer\domain\Organisation_Roo_ToString.aj
C:\Program Files (x86)\Springsource\Workspace\test\eventalizer2\src\main\java\de\eventalizer\domain\Ort_Roo_Jpa_Entity.aj
C:\Program Files (x86)\Springsource\Workspace\test\eventalizer2\src\main\java\de\eventalizer\social\SocialConfig.java
C:\Program Files (x86)\Springsource\Workspace\test\eventalizer2\src\main\java\de\eventalizer\domain\Bewertung_Roo_Jpa_ActiveRecord.aj
C:\Program Files (x86)\Springsource\Workspace\test\eventalizer2\src\main\java\de\eventalizer\domain\Ort_Roo_Jpa_ActiveRecord.aj
C:\Program Files (x86)\Springsource\Workspace\test\eventalizer2\src\main\java\de\eventalizer\domain\Teilnahme.java
C:\Program Files (x86)\Springsource\Workspace\test\eventalizer2\src\main\java\de\eventalizer\domain\Ort_Roo_ToString.aj
C:\Program Files (x86)\Springsource\Workspace\test\eventalizer2\src\main\java\de\eventalizer\domain\Organisation_Roo_Jpa_ActiveRecord.aj
C:\Program Files (x86)\Springsource\Workspace\test\eventalizer2\src\main\java\de\eventalizer\web\BenutzerController.java
C:\Program Files (x86)\Springsource\Workspace\test\eventalizer2\src\main\java\de\eventalizer\domain\Benutzer_Roo_JavaBean.aj
C:\Program Files (x86)\Springsource\Workspace\test\eventalizer2\src\main\java\de\eventalizer\social\user\User.java
C:\Program Files (x86)\Springsource\Workspace\test\eventalizer2\src\main\java\de\eventalizer\domain\Bewertung_Roo_JavaBean.aj
C:\Program Files (x86)\Springsource\Workspace\test\eventalizer2\src\main\java\de\eventalizer\domain\Teilnahme_Roo_Jpa_ActiveRecord.aj
C:\Program Files (x86)\Springsource\Workspace\test\eventalizer2\src\main\java\de\eventalizer\social\user\SimpleConnectionSignUp.java
C:\Program Files (x86)\Springsource\Workspace\test\eventalizer2\src\main\java\de\eventalizer\domain\Event_Roo_Configurable.aj
C:\Program Files (x86)\Springsource\Workspace\test\eventalizer2\src\main\java\de\eventalizer\social\HomeController.java
C:\Program Files (x86)\Springsource\Workspace\test\eventalizer2\src\main\java\de\eventalizer\domain\Teilnahme_Roo_Configurable.aj
C:\Program Files (x86)\Springsource\Workspace\test\eventalizer2\src\main\java\de\eventalizer\domain\Teilnahme_Roo_JavaBean.aj
C:\Program Files (x86)\Springsource\Workspace\test\eventalizer2\src\main\java\de\eventalizer\domain\Benutzer.java
C:\Program Files (x86)\Springsource\Workspace\test\eventalizer2\src\main\java\de\eventalizer\domain\Bewertung_Roo_Jpa_Entity.aj
C:\Program Files (x86)\Springsource\Workspace\test\eventalizer2\src\main\java\de\eventalier\web\ApplicationConversionServiceFactoryBean.java
C:\Program Files (x86)\Springsource\Workspace\test\eventalizer2\src\main\java\de\eventalizer\web\OrganisationController.java
C:\Program Files (x86)\Springsource\Workspace\test\eventalizer2\src\main\java\de\eventalier\web\ApplicationConversionServiceFactoryBean_Roo_ConversionService.aj
C:\Program Files (x86)\Springsource\Workspace\test\eventalizer2\src\main\java\de\eventalizer\domain\Ort.java
C:\Program Files (x86)\Springsource\Workspace\test\eventalizer2\src\main\java\de\eventalizer\domain\Teilnahme_Roo_Jpa_Entity.aj
C:\Program Files (x86)\Springsource\Workspace\test\eventalizer2\src\main\java\de\eventalizer\domain\Benutzer_Roo_Jpa_Entity.aj
C:\Program Files (x86)\Springsource\Workspace\test\eventalizer2\src\main\java\de\eventalizer\web\BewertungController.java
C:\Program Files (x86)\Springsource\Workspace\test\eventalizer2\src\main\java\de\eventalizer\social\WebMvcConfig.java
C:\Program Files (x86)\Springsource\Workspace\test\eventalizer2\src\main\java\de\eventalizer\domain\Organisation_Roo_Jpa_Entity.aj
C:\Program Files (x86)\Springsource\Workspace\test\eventalizer2\src\main\java\de\eventalizer\domain\Benutzer_Roo_ToString.aj
C:\Program Files (x86)\Springsource\Workspace\test\eventalizer2\src\main\java\de\eventalizer\domain\Ort_Roo_JavaBean.aj
C:\Program Files (x86)\Springsource\Workspace\test\eventalizer2\src\main\java\de\eventalizer\domain\Bewertung_Roo_ToString.aj
C:\Program Files (x86)\Springsource\Workspace\test\eventalizer2\src\main\java\de\eventalizer\social\user\UserInterceptor.java
C:\Program Files (x86)\Springsource\Workspace\test\eventalizer2\src\main\java\de\eventalizer\domain\Event_Roo_Jpa_ActiveRecord.aj
C:\Program Files (x86)\Springsource\Workspace\test\eventalizer2\src\main\java\de\eventalizer\social\user\SimpleSignInAdapter.java
